[36m[1mi  emulators:[22m[39m Starting emulators: firestore
[36m[1mi  firestore:[22m[39m Firestore Emulator logging to [1mfirestore-debug.log[22m
[32m[1m+  firestore:[22m[39m Firestore Emulator UI websocket is running on 9150.
[36m[1mi [22m[39m Running script: [1mnpx tsx tests/firestore.rules.test.ts[22m
Running Firestore Rules Tests...
Γ£à Unauthenticated user cannot read legacy collections
node.exe : [2026-03-02T07:35:25.641Z]  @firebase/firestore: 
Firestore (11.10.0): GrpcConnection RPC 'Write' stream 
0x209e34ff error. Code: 7 Message: 7 PERMISSION_DENIED: 
At line:1 char:1
+ & "C:\Program Files\nodejs/node.exe" 
"C:\Users\pansh\AppData\Roaming\ ...
+ ~~~~~~~~~~~~~~~~~~~~~~~~~~~~~~~~~~~~~~~~~~~~~~~~~~~~~~~~~~~~~~
~~~~~~~
    + CategoryInfo          : NotSpecified: ([2026-03-02T07:... 
   ISSION_DENIED: :String) [], RemoteException
    + FullyQualifiedErrorId : NativeCommandError
 
false for 'create' @ L50, false for 'update' @ L50
Γ£à Unauthenticated user cannot write legacy collections
Γ£à Authenticated user can read and write legacy collections
Γ£à Unauthenticated user can create customerOrders with valid data
[2026-03-02T07:35:25.897Z]  @firebase/firestore: Firestore 
(11.10.0): GrpcConnection RPC 'Write' stream 0x209e3502 error. 
Code: 7 Message: 7 PERMISSION_DENIED: 
false for 'create' @ L78, false for 'create' @ L80, false for 
'update' @ L78
Γ£à Unauthenticated user cannot create customerOrders with invalid data (wrong status)
[2026-03-02T07:35:25.919Z]  @firebase/firestore: Firestore 
(11.10.0): GrpcConnection RPC 'Write' stream 0x209e3503 error. 
Code: 7 Message: 7 PERMISSION_DENIED: 
false for 'create' @ L78, false for 'create' @ L80, false for 
'update' @ L78
Γ£à Unauthenticated user cannot create customerOrders with missing fields
Γ£à Unauthenticated user cannot read customerOrders
[2026-03-02T07:35:25.952Z]  @firebase/firestore: Firestore 
(11.10.0): GrpcConnection RPC 'Write' stream 0x209e3500 error. 
Code: 7 Message: 7 PERMISSION_DENIED: 
false for 'create' @ L37, false for 'update' @ L37
Γ¥î Authenticated user can read/write venue-scoped data
7 PERMISSION_DENIED: 
false for 'create' @ L37, false for 'update' @ L37
[2026-03-02T07:35:25.974Z]  @firebase/firestore: Firestore 
(11.10.0): GrpcConnection RPC 'Write' stream 0x209e3504 error. 
Code: 7 Message: 7 PERMISSION_DENIED: 
false for 'create' @ L37, false for 'update' @ L37
Γ£à Unauthenticated user cannot read/write venue-scoped data

Results: 8 passed, 1 failed.
[33m[1m! [22m[39m Script exited unsuccessfully (code 1)
[36m[1mi  emulators:[22m[39m Shutting down emulators.
[36m[1mi  firestore:[22m[39m Stopping Firestore Emulator
[33m[1m! [22m[39m Firestore Emulator has exited upon receiving signal: SIGINT
[36m[1mi  hub:[22m[39m Stopping emulator hub
[36m[1mi  logging:[22m[39m Stopping Logging Emulator

[1m[31mError:[39m[22m Script "[1mnpx tsx tests/firestore.rules.test.ts[22m" exited with code 1
